# JRE version: OpenJDK Runtime Environment Temurin-21.0.9+10 (21.0.9+10) (build 21.0.9+10-LTS)
# Java VM: OpenJDK 64-Bit Server VM Temurin-21.0.9+10 (21.0.9+10-LTS, mixed mode, sharing, tiered, compressed oops, compressed class ptrs, parallel gc, windows-amd64)
GC Precious Log:
 CardTable entry size: 512
 CPUs: 12 total, 12 available
 Memory: 16009M
 Large Page Support: Disabled
 NUMA Support: Disabled
 Compressed Oops: Enabled (32-bit)
 Alignments: Space 512K, Generation 512K, Heap 2M
 Heap Min Capacity: 100M
 Heap Initial Capacity: 100M
 Heap Max Capacity: 2G
 Pre-touch: Disabled
 Parallel Workers: 10
Heap:
 PSYoungGen      total 5632K, used 2391K [0x00000000d5580000, 0x00000000d5c80000, 0x0000000100000000)
  eden space 4608K, 46% used [0x00000000d5580000,0x00000000d5795f10,0x00000000d5a00000)
  from space 1024K, 25% used [0x00000000d5a80000,0x00000000d5ac0000,0x00000000d5b80000)
  to   space 512K, 0% used [0x00000000d5c00000,0x00000000d5c00000,0x00000000d5c80000)
 ParOldGen       total 1282560K, used 1282476K [0x0000000080000000, 0x00000000ce480000, 0x00000000d5580000)
  object space 1282560K, 99% used [0x0000000080000000,0x00000000ce46b118,0x00000000ce480000)
 Metaspace       used 111893K, committed 113728K, reserved 1179648K
  class space    used 11405K, committed 12288K, reserved 1048576K
GC Heap History (20 events):
Event: 77143.307 GC heap before
{Heap before GC invocations=11427 (full 8):
 PSYoungGen      total 5632K, used 4992K [0x00000000d5580000, 0x00000000d5d80000, 0x0000000100000000)
  eden space 4608K, 100% used [0x00000000d5580000,0x00000000d5a00000,0x00000000d5a00000)
  from space 1024K, 37% used [0x00000000d5b80000,0x00000000d5be0000,0x00000000d5c80000)
  to   space 512K, 0% used [0x00000000d5d00000,0x00000000d5d00000,0x00000000d5d80000)
 ParOldGen       total 1278976K, used 1278650K [0x0000000080000000, 0x00000000ce100000, 0x00000000d5580000)
  object space 1278976K, 99% used [0x0000000080000000,0x00000000ce0aea48,0x00000000ce100000)
 Metaspace       used 111853K, committed 113728K, reserved 1179648K
  class space    used 11402K, committed 12288K, reserved 1048576K
}
Event: 77143.309 GC heap after
{Heap after GC invocations=11427 (full 8):
 PSYoungGen      total 5120K, used 496K [0x00000000d5580000, 0x00000000d5d80000, 0x0000000100000000)
  eden space 4608K, 0% used [0x00000000d5580000,0x00000000d5580000,0x00000000d5a00000)
  from space 512K, 96% used [0x00000000d5d00000,0x00000000d5d7c010,0x00000000d5d80000)
  to   space 1024K, 0% used [0x00000000d5b80000,0x00000000d5b80000,0x00000000d5c80000)
 ParOldGen       total 1278976K, used 1278794K [0x0000000080000000, 0x00000000ce100000, 0x00000000d5580000)
  object space 1278976K, 99% used [0x0000000080000000,0x00000000ce0d2a48,0x00000000ce100000)
 Metaspace       used 111853K, committed 113728K, reserved 1179648K
  class space    used 11402K, committed 12288K, reserved 1048576K
}
Event: 77143.764 GC heap before
{Heap before GC invocations=11428 (full 8):
 PSYoungGen      total 5120K, used 5104K [0x00000000d5580000, 0x00000000d5d80000, 0x0000000100000000)
  eden space 4608K, 100% used [0x00000000d5580000,0x00000000d5a00000,0x00000000d5a00000)
  from space 512K, 96% used [0x00000000d5d00000,0x00000000d5d7c010,0x00000000d5d80000)
  to   space 1024K, 0% used [0x00000000d5b80000,0x00000000d5b80000,0x00000000d5c80000)
 ParOldGen       total 1278976K, used 1278794K [0x0000000080000000, 0x00000000ce100000, 0x00000000d5580000)
  object space 1278976K, 99% used [0x0000000080000000,0x00000000ce0d2a48,0x00000000ce100000)
 Metaspace       used 111853K, committed 113728K, reserved 1179648K
  class space    used 11402K, committed 12288K, reserved 1048576K
}
Event: 77143.767 GC heap after
{Heap after GC invocations=11428 (full 8):
 PSYoungGen      total 5632K, used 928K [0x00000000d5580000, 0x00000000d5d80000, 0x0000000100000000)
  eden space 4608K, 0% used [0x00000000d5580000,0x00000000d5580000,0x00000000d5a00000)
  from space 1024K, 90% used [0x00000000d5b80000,0x00000000d5c68000,0x00000000d5c80000)
  to   space 1024K, 0% used [0x00000000d5c80000,0x00000000d5c80000,0x00000000d5d80000)
 ParOldGen       total 1279488K, used 1279255K [0x0000000080000000, 0x00000000ce180000, 0x00000000d5580000)
  object space 1279488K, 99% used [0x0000000080000000,0x00000000ce145ed8,0x00000000ce180000)
 Metaspace       used 111853K, committed 113728K, reserved 1179648K
  class space    used 11402K, committed 12288K, reserved 1048576K
}
Event: 77143.991 GC heap before
{Heap before GC invocations=11429 (full 8):
 PSYoungGen      total 5632K, used 5535K [0x00000000d5580000, 0x00000000d5d80000, 0x0000000100000000)
  eden space 4608K, 99% used [0x00000000d5580000,0x00000000d59fff18,0x00000000d5a00000)
  from space 1024K, 90% used [0x00000000d5b80000,0x00000000d5c68000,0x00000000d5c80000)
  to   space 1024K, 0% used [0x00000000d5c80000,0x00000000d5c80000,0x00000000d5d80000)
 ParOldGen       total 1279488K, used 1279255K [0x0000000080000000, 0x00000000ce180000, 0x00000000d5580000)
  object space 1279488K, 99% used [0x0000000080000000,0x00000000ce145ed8,0x00000000ce180000)
 Metaspace       used 111853K, committed 113728K, reserved 1179648K
  class space    used 11402K, committed 12288K, reserved 1048576K
}
Event: 77143.994 GC heap after
{Heap after GC invocations=11429 (full 8):
 PSYoungGen      total 5120K, used 304K [0x00000000d5580000, 0x00000000d5d00000, 0x0000000100000000)
  eden space 4608K, 0% used [0x00000000d5580000,0x00000000d5580000,0x00000000d5a00000)
  from space 512K, 59% used [0x00000000d5c80000,0x00000000d5ccc010,0x00000000d5d00000)
  to   space 1024K, 0% used [0x00000000d5b00000,0x00000000d5b00000,0x00000000d5c00000)
 ParOldGen       total 1280512K, used 1280092K [0x0000000080000000, 0x00000000ce280000, 0x00000000d5580000)
  object space 1280512K, 99% used [0x0000000080000000,0x00000000ce217368,0x00000000ce280000)
 Metaspace       used 111853K, committed 113728K, reserved 1179648K
  class space    used 11402K, committed 12288K, reserved 1048576K
}
Event: 77144.793 GC heap before
{Heap before GC invocations=11430 (full 8):
 PSYoungGen      total 5120K, used 4912K [0x00000000d5580000, 0x00000000d5d00000, 0x0000000100000000)
  eden space 4608K, 100% used [0x00000000d5580000,0x00000000d5a00000,0x00000000d5a00000)
  from space 512K, 59% used [0x00000000d5c80000,0x00000000d5ccc010,0x00000000d5d00000)
  to   space 1024K, 0% used [0x00000000d5b00000,0x00000000d5b00000,0x00000000d5c00000)
 ParOldGen       total 1280512K, used 1280092K [0x0000000080000000, 0x00000000ce280000, 0x00000000d5580000)
  object space 1280512K, 99% used [0x0000000080000000,0x00000000ce217368,0x00000000ce280000)
 Metaspace       used 111853K, committed 113728K, reserved 1179648K
  class space    used 11402K, committed 12288K, reserved 1048576K
}
Event: 77144.796 GC heap after
{Heap after GC invocations=11430 (full 8):
 PSYoungGen      total 5632K, used 352K [0x00000000d5580000, 0x00000000d5d00000, 0x0000000100000000)
  eden space 4608K, 0% used [0x00000000d5580000,0x00000000d5580000,0x00000000d5a00000)
  from space 1024K, 34% used [0x00000000d5b00000,0x00000000d5b58000,0x00000000d5c00000)
  to   space 512K, 0% used [0x00000000d5c80000,0x00000000d5c80000,0x00000000d5d00000)
 ParOldGen       total 1280512K, used 1280204K [0x0000000080000000, 0x00000000ce280000, 0x00000000d5580000)
  object space 1280512K, 99% used [0x0000000080000000,0x00000000ce233368,0x00000000ce280000)
 Metaspace       used 111853K, committed 113728K, reserved 1179648K
  class space    used 11402K, committed 12288K, reserved 1048576K
}
Event: 77145.041 GC heap before
{Heap before GC invocations=11431 (full 8):
 PSYoungGen      total 5632K, used 4960K [0x00000000d5580000, 0x00000000d5d00000, 0x0000000100000000)
  eden space 4608K, 100% used [0x00000000d5580000,0x00000000d5a00000,0x00000000d5a00000)
  from space 1024K, 34% used [0x00000000d5b00000,0x00000000d5b58000,0x00000000d5c00000)
  to   space 512K, 0% used [0x00000000d5c80000,0x00000000d5c80000,0x00000000d5d00000)
 ParOldGen       total 1280512K, used 1280204K [0x0000000080000000, 0x00000000ce280000, 0x00000000d5580000)
  object space 1280512K, 99% used [0x0000000080000000,0x00000000ce233368,0x00000000ce280000)
 Metaspace       used 111853K, committed 113728K, reserved 1179648K
  class space    used 11402K, committed 12288K, reserved 1048576K
}
Event: 77145.044 GC heap after
{Heap after GC invocations=11431 (full 8):
 PSYoungGen      total 5120K, used 496K [0x00000000d5580000, 0x00000000d5d00000, 0x0000000100000000)
  eden space 4608K, 0% used [0x00000000d5580000,0x00000000d5580000,0x00000000d5a00000)
  from space 512K, 96% used [0x00000000d5c80000,0x00000000d5cfc010,0x00000000d5d00000)
  to   space 1024K, 0% used [0x00000000d5b00000,0x00000000d5b00000,0x00000000d5c00000)
 ParOldGen       total 1281024K, used 1280545K [0x0000000080000000, 0x00000000ce300000, 0x00000000d5580000)
  object space 1281024K, 99% used [0x0000000080000000,0x00000000ce2887e8,0x00000000ce300000)
 Metaspace       used 111853K, committed 113728K, reserved 1179648K
  class space    used 11402K, committed 12288K, reserved 1048576K
}
Event: 77145.260 GC heap before
{Heap before GC invocations=11432 (full 8):
 PSYoungGen      total 5120K, used 5104K [0x00000000d5580000, 0x00000000d5d00000, 0x0000000100000000)
  eden space 4608K, 100% used [0x00000000d5580000,0x00000000d5a00000,0x00000000d5a00000)
  from space 512K, 96% used [0x00000000d5c80000,0x00000000d5cfc010,0x00000000d5d00000)
  to   space 1024K, 0% used [0x00000000d5b00000,0x00000000d5b00000,0x00000000d5c00000)
 ParOldGen       total 1281024K, used 1280545K [0x0000000080000000, 0x00000000ce300000, 0x00000000d5580000)
  object space 1281024K, 99% used [0x0000000080000000,0x00000000ce2887e8,0x00000000ce300000)
 Metaspace       used 111853K, committed 113728K, reserved 1179648K
  class space    used 11402K, committed 12288K, reserved 1048576K
}
Event: 77145.264 GC heap after
{Heap after GC invocations=11432 (full 8):
 PSYoungGen      total 5632K, used 512K [0x00000000d5580000, 0x00000000d5d00000, 0x0000000100000000)
  eden space 4608K, 0% used [0x00000000d5580000,0x00000000d5580000,0x00000000d5a00000)
  from space 1024K, 50% used [0x00000000d5b00000,0x00000000d5b80000,0x00000000d5c00000)
  to   space 1024K, 0% used [0x00000000d5c00000,0x00000000d5c00000,0x00000000d5d00000)
 ParOldGen       total 1281536K, used 1281055K [0x0000000080000000, 0x00000000ce380000, 0x00000000d5580000)
  object space 1281536K, 99% used [0x0000000080000000,0x00000000ce307c78,0x00000000ce380000)
 Metaspace       used 111853K, committed 113728K, reserved 1179648K
  class space    used 11402K, committed 12288K, reserved 1048576K
}
Event: 77147.003 GC heap before
{Heap before GC invocations=11433 (full 8):
 PSYoungGen      total 5632K, used 5120K [0x00000000d5580000, 0x00000000d5d00000, 0x0000000100000000)
  eden space 4608K, 100% used [0x00000000d5580000,0x00000000d5a00000,0x00000000d5a00000)
  from space 1024K, 50% used [0x00000000d5b00000,0x00000000d5b80000,0x00000000d5c00000)
  to   space 1024K, 0% used [0x00000000d5c00000,0x00000000d5c00000,0x00000000d5d00000)
 ParOldGen       total 1281536K, used 1281055K [0x0000000080000000, 0x00000000ce380000, 0x00000000d5580000)
  object space 1281536K, 99% used [0x0000000080000000,0x00000000ce307c78,0x00000000ce380000)
 Metaspace       used 111854K, committed 113728K, reserved 1179648K
  class space    used 11402K, committed 12288K, reserved 1048576K
}
Event: 77147.006 GC heap after
{Heap after GC invocations=11433 (full 8):
 PSYoungGen      total 5120K, used 464K [0x00000000d5580000, 0x00000000d5c80000, 0x0000000100000000)
  eden space 4608K, 0% used [0x00000000d5580000,0x00000000d5580000,0x00000000d5a00000)
  from space 512K, 90% used [0x00000000d5c00000,0x00000000d5c74010,0x00000000d5c80000)
  to   space 512K, 0% used [0x00000000d5b80000,0x00000000d5b80000,0x00000000d5c00000)
 ParOldGen       total 1281536K, used 1281071K [0x0000000080000000, 0x00000000ce380000, 0x00000000d5580000)
  object space 1281536K, 99% used [0x0000000080000000,0x00000000ce30bc78,0x00000000ce380000)
 Metaspace       used 111854K, committed 113728K, reserved 1179648K
  class space    used 11402K, committed 12288K, reserved 1048576K
}
Event: 77147.407 GC heap before
{Heap before GC invocations=11434 (full 8):
 PSYoungGen      total 5120K, used 5072K [0x00000000d5580000, 0x00000000d5c80000, 0x0000000100000000)
  eden space 4608K, 100% used [0x00000000d5580000,0x00000000d5a00000,0x00000000d5a00000)
  from space 512K, 90% used [0x00000000d5c00000,0x00000000d5c74010,0x00000000d5c80000)
  to   space 512K, 0% used [0x00000000d5b80000,0x00000000d5b80000,0x00000000d5c00000)
 ParOldGen       total 1281536K, used 1281071K [0x0000000080000000, 0x00000000ce380000, 0x00000000d5580000)
  object space 1281536K, 99% used [0x0000000080000000,0x00000000ce30bc78,0x00000000ce380000)
 Metaspace       used 111854K, committed 113728K, reserved 1179648K
  class space    used 11402K, committed 12288K, reserved 1048576K
}
Event: 77147.410 GC heap after
{Heap after GC invocations=11434 (full 8):
 PSYoungGen      total 5120K, used 512K [0x00000000d5580000, 0x00000000d5d00000, 0x0000000100000000)
  eden space 4608K, 0% used [0x00000000d5580000,0x00000000d5580000,0x00000000d5a00000)
  from space 512K, 100% used [0x00000000d5b80000,0x00000000d5c00000,0x00000000d5c00000)
  to   space 1024K, 0% used [0x00000000d5c00000,0x00000000d5c00000,0x00000000d5d00000)
 ParOldGen       total 1282048K, used 1281653K [0x0000000080000000, 0x00000000ce400000, 0x00000000d5580000)
  object space 1282048K, 99% used [0x0000000080000000,0x00000000ce39d6c8,0x00000000ce400000)
 Metaspace       used 111854K, committed 113728K, reserved 1179648K
  class space    used 11402K, committed 12288K, reserved 1048576K
}
Event: 77147.940 GC heap before
{Heap before GC invocations=11435 (full 8):
 PSYoungGen      total 5120K, used 5120K [0x00000000d5580000, 0x00000000d5d00000, 0x0000000100000000)
  eden space 4608K, 100% used [0x00000000d5580000,0x00000000d5a00000,0x00000000d5a00000)
  from space 512K, 100% used [0x00000000d5b80000,0x00000000d5c00000,0x00000000d5c00000)
  to   space 1024K, 0% used [0x00000000d5c00000,0x00000000d5c00000,0x00000000d5d00000)
 ParOldGen       total 1282048K, used 1281653K [0x0000000080000000, 0x00000000ce400000, 0x00000000d5580000)
  object space 1282048K, 99% used [0x0000000080000000,0x00000000ce39d6c8,0x00000000ce400000)
 Metaspace       used 111854K, committed 113728K, reserved 1179648K
  class space    used 11402K, committed 12288K, reserved 1048576K
}
Event: 77147.943 GC heap after
{Heap after GC invocations=11435 (full 8):
 PSYoungGen      total 5120K, used 480K [0x00000000d5580000, 0x00000000d5c80000, 0x0000000100000000)
  eden space 4608K, 0% used [0x00000000d5580000,0x00000000d5580000,0x00000000d5a00000)
  from space 512K, 93% used [0x00000000d5c00000,0x00000000d5c78000,0x00000000d5c80000)
  to   space 1024K, 0% used [0x00000000d5a80000,0x00000000d5a80000,0x00000000d5b80000)
 ParOldGen       total 1282560K, used 1282172K [0x0000000080000000, 0x00000000ce480000, 0x00000000d5580000)
  object space 1282560K, 99% used [0x0000000080000000,0x00000000ce41f118,0x00000000ce480000)
 Metaspace       used 111854K, committed 113728K, reserved 1179648K
  class space    used 11402K, committed 12288K, reserved 1048576K
}
Event: 77159.150 GC heap before
{Heap before GC invocations=11436 (full 8):
 PSYoungGen      total 5120K, used 5088K [0x00000000d5580000, 0x00000000d5c80000, 0x0000000100000000)
  eden space 4608K, 100% used [0x00000000d5580000,0x00000000d5a00000,0x00000000d5a00000)
  from space 512K, 93% used [0x00000000d5c00000,0x00000000d5c78000,0x00000000d5c80000)
  to   space 1024K, 0% used [0x00000000d5a80000,0x00000000d5a80000,0x00000000d5b80000)
 ParOldGen       total 1282560K, used 1282172K [0x0000000080000000, 0x00000000ce480000, 0x00000000d5580000)
  object space 1282560K, 99% used [0x0000000080000000,0x00000000ce41f118,0x00000000ce480000)
 Metaspace       used 111858K, committed 113728K, reserved 1179648K
  class space    used 11402K, committed 12288K, reserved 1048576K
}
Event: 77159.153 GC heap after
{Heap after GC invocations=11436 (full 8):
 PSYoungGen      total 5632K, used 256K [0x00000000d5580000, 0x00000000d5c80000, 0x0000000100000000)
  eden space 4608K, 0% used [0x00000000d5580000,0x00000000d5580000,0x00000000d5a00000)
  from space 1024K, 25% used [0x00000000d5a80000,0x00000000d5ac0000,0x00000000d5b80000)
  to   space 512K, 0% used [0x00000000d5c00000,0x00000000d5c00000,0x00000000d5c80000)
 ParOldGen       total 1282560K, used 1282476K [0x0000000080000000, 0x00000000ce480000, 0x00000000d5580000)
  object space 1282560K, 99% used [0x0000000080000000,0x00000000ce46b118,0x00000000ce480000)
 Metaspace       used 111858K, committed 113728K, reserved 1179648K
  class space    used 11402K, committed 12288K, reserved 1048576K
}

